Arguments: 
  /Users/lauarmstrong/.nvm/versions/node/v12.20.1/bin/node /usr/local/Cellar/yarn/1.22.10/libexec/bin/yarn.js jest

PATH: 
  /Users/lauarmstrong/.nvm/versions/node/v12.20.1/bin:/usr/local/bin:/usr/bin:/bin:/usr/sbin:/sbin:/Library/Apple/usr/bin

Yarn version: 
  1.22.10

Node version: 
  12.20.1

Platform: 
  darwin x64

Trace: 
  SyntaxError: /Users/lauarmstrong/Code/Udacity/fend/projects/travel-app/package.json: Unexpected token / in JSON at position 1546
      at JSON.parse (<anonymous>)
      at /usr/local/Cellar/yarn/1.22.10/libexec/lib/cli.js:1625:59
      at Generator.next (<anonymous>)
      at step (/usr/local/Cellar/yarn/1.22.10/libexec/lib/cli.js:310:30)
      at /usr/local/Cellar/yarn/1.22.10/libexec/lib/cli.js:321:13

npm manifest: 
  {
    "name": "weather-journal-app",
    "version": "1.0.0",
    "description": "An asynchronous app to allow the user to access information including the live weather condition and temperature of a location in the USA, by imputing a post code.  This app uses a web API to access this data, then dynamically updates the UI with this information.",
    "main": "server.js",
    "scripts": {
      "test": "jest",
      "start": "node src/server/server.js",
      "build-prod": "webpack --config webpack.prod.js",
      "build-dev": "webpack-dev-server  --config webpack.dev.js --open"
    },
    "keywords": [],
    "author": "",
    "license": "ISC",
    "dependencies": {
      "body-parser": "^1.19.0",
      "cors": "^2.8.5",
      "dotenv": "^8.2.0",
      "express": "^4.17.1",
      "jest-fetch-mock": "^3.0.3",
      "mini-css-extract-plugin": "^1.3.9",
      "optimize-css-assets-webpack-plugin": "^5.0.4",
      "terser-webpack-plugin": "^5.1.1",
      "webpack": "^4.46.0",
      "webpack-cli": "^3.3.12"
    },
    "devDependencies": {
      "@babel/core": "^7.12.16",
      "@babel/plugin-transform-runtime": "^7.12.15",
      "@babel/preset-env": "^7.12.16",
      "babel-loader": "^8.2.2",
      "clean-webpack-plugin": "^3.0.0",
      "css-loader": "^5.0.2",
      "eslint": "^7.19.0",
      "fetch-mock": "^9.11.0",
      "html-webpack-plugin": "^3.2.0",
      "jest": "^26.6.3",
      "lint": "^0.7.0",
      "node-sass": "^5.0.0",
      "sass-loader": "^10.1.1",
      "style-loader": "^2.0.0",
      "webpack-dev-server": "^3.11.2",
      "whatwg-fetch": "^3.5.0",
      "workbox-webpack-plugin": "^6.1.1"
    },
    // "jest": {
    //   "automock": false,
    //   "setupFiles": [
    //     "./setupJest.js"
    //   ]
    // }
  }

yarn manifest: 
  No manifest

Lockfile: 
  No lockfile
